TN:
SF:src/config.ts
FNF:0
FNH:0
DA:8,0
DA:10,0
DA:11,0
DA:14,0
DA:47,0
DA:48,0
DA:49,0
DA:50,0
DA:51,0
DA:54,0
DA:58,0
DA:85,0
DA:86,0
DA:89,0
DA:90,0
DA:94,0
DA:95,0
DA:96,0
DA:130,0
DA:132,0
LF:20
LH:0
BRDA:17,0,0,0
BRDA:17,0,1,0
BRDA:27,1,0,0
BRDA:27,1,1,0
BRDA:49,2,0,0
BRDA:75,3,0,0
BRDA:75,3,1,0
BRDA:85,4,0,0
BRDA:89,5,0,0
BRDA:94,6,0,0
BRF:10
BRH:0
end_of_record
TN:
SF:src/customTransport.ts
FN:20,(anonymous_0)
FN:40,(anonymous_1)
FN:47,(anonymous_2)
FN:59,(anonymous_3)
FN:74,(anonymous_4)
FN:82,(anonymous_5)
FN:102,(anonymous_6)
FN:186,(anonymous_7)
FN:201,(anonymous_8)
FN:230,(anonymous_9)
FNF:10
FNH:0
FNDA:0,(anonymous_0)
FNDA:0,(anonymous_1)
FNDA:0,(anonymous_2)
FNDA:0,(anonymous_3)
FNDA:0,(anonymous_4)
FNDA:0,(anonymous_5)
FNDA:0,(anonymous_6)
FNDA:0,(anonymous_7)
FNDA:0,(anonymous_8)
FNDA:0,(anonymous_9)
DA:9,0
DA:22,0
DA:32,0
DA:33,0
DA:34,0
DA:35,0
DA:36,0
DA:37,0
DA:38,0
DA:41,0
DA:48,0
DA:49,0
DA:50,0
DA:53,0
DA:54,0
DA:55,0
DA:56,0
DA:59,0
DA:60,0
DA:61,0
DA:62,0
DA:64,0
DA:75,0
DA:76,0
DA:83,0
DA:84,0
DA:85,0
DA:88,0
DA:90,0
DA:91,0
DA:96,0
DA:102,0
DA:103,0
DA:105,0
DA:106,0
DA:109,0
DA:111,0
DA:113,0
DA:116,0
DA:118,0
DA:119,0
DA:122,0
DA:123,0
DA:132,0
DA:136,0
DA:137,0
DA:138,0
DA:139,0
DA:141,0
DA:144,0
DA:145,0
DA:156,0
DA:157,0
DA:160,0
DA:163,0
DA:164,0
DA:165,0
DA:166,0
DA:177,0
DA:181,0
DA:186,0
DA:187,0
DA:188,0
DA:189,0
DA:193,0
DA:194,0
DA:195,0
DA:202,0
DA:204,0
DA:206,0
DA:207,0
DA:208,0
DA:212,0
DA:215,0
DA:218,0
DA:220,0
DA:222,0
DA:223,0
DA:231,0
DA:232,0
DA:233,0
DA:236,0
DA:237,0
DA:238,0
DA:239,0
LF:85
LH:0
BRDA:22,0,0,0
BRDA:22,0,1,0
BRDA:22,0,2,0
BRDA:53,1,0,0
BRDA:60,2,0,0
BRDA:64,3,0,0
BRDA:64,3,1,0
BRDA:83,4,0,0
BRDA:90,5,0,0
BRDA:105,6,0,0
BRDA:109,7,0,0
BRDA:109,7,1,0
BRDA:118,8,0,0
BRDA:122,9,0,0
BRDA:122,10,0,0
BRDA:122,10,1,0
BRDA:122,10,2,0
BRDA:136,11,0,0
BRDA:136,11,1,0
BRDA:141,12,0,0
BRDA:141,12,1,0
BRDA:144,13,0,0
BRDA:150,14,0,0
BRDA:150,14,1,0
BRDA:160,15,0,0
BRDA:160,15,1,0
BRDA:165,16,0,0
BRDA:165,17,0,0
BRDA:165,17,1,0
BRDA:165,17,2,0
BRDA:181,18,0,0
BRDA:181,18,1,0
BRDA:188,19,0,0
BRDA:206,20,0,0
BRDA:222,21,0,0
BRDA:222,21,1,0
BRDA:231,22,0,0
BRF:37
BRH:0
end_of_record
TN:
SF:src/direct-index.ts
FN:6,main
FN:12,(anonymous_1)
FN:17,(anonymous_2)
FN:23,(anonymous_3)
FN:29,(anonymous_4)
FNF:5
FNH:0
FNDA:0,main
FNDA:0,(anonymous_1)
FNDA:0,(anonymous_2)
FNDA:0,(anonymous_3)
FNDA:0,(anonymous_4)
DA:7,0
DA:9,0
DA:12,0
DA:13,0
DA:14,0
DA:17,0
DA:18,0
DA:19,0
DA:23,0
DA:24,0
DA:29,0
DA:30,0
DA:35,0
DA:37,0
DA:39,0
DA:40,0
DA:45,0
LF:17
LH:0
BRDA:39,0,0,0
BRDA:39,0,1,0
BRF:2
BRH:0
end_of_record
TN:
SF:src/direct-mcp.ts
FN:19,(anonymous_0)
FN:26,(anonymous_1)
FN:28,(anonymous_2)
FN:43,(anonymous_3)
FN:157,(anonymous_4)
FN:207,(anonymous_5)
FN:208,(anonymous_6)
FN:212,(anonymous_7)
FN:216,(anonymous_8)
FN:242,(anonymous_9)
FN:250,(anonymous_10)
FN:255,(anonymous_11)
FN:285,(anonymous_12)
FN:290,(anonymous_13)
FN:301,(anonymous_14)
FN:373,(anonymous_15)
FN:399,(anonymous_16)
FN:456,(anonymous_17)
FN:487,(anonymous_18)
FN:488,(anonymous_19)
FN:524,(anonymous_20)
FN:574,(anonymous_21)
FN:608,(anonymous_22)
FN:658,(anonymous_23)
FN:705,(anonymous_24)
FN:718,(anonymous_25)
FN:748,(anonymous_26)
FN:774,createDirectMcpServer
FNF:28
FNH:0
FNDA:0,(anonymous_0)
FNDA:0,(anonymous_1)
FNDA:0,(anonymous_2)
FNDA:0,(anonymous_3)
FNDA:0,(anonymous_4)
FNDA:0,(anonymous_5)
FNDA:0,(anonymous_6)
FNDA:0,(anonymous_7)
FNDA:0,(anonymous_8)
FNDA:0,(anonymous_9)
FNDA:0,(anonymous_10)
FNDA:0,(anonymous_11)
FNDA:0,(anonymous_12)
FNDA:0,(anonymous_13)
FNDA:0,(anonymous_14)
FNDA:0,(anonymous_15)
FNDA:0,(anonymous_16)
FNDA:0,(anonymous_17)
FNDA:0,(anonymous_18)
FNDA:0,(anonymous_19)
FNDA:0,(anonymous_20)
FNDA:0,(anonymous_21)
FNDA:0,(anonymous_22)
FNDA:0,(anonymous_23)
FNDA:0,(anonymous_24)
FNDA:0,(anonymous_25)
FNDA:0,(anonymous_26)
FNDA:0,createDirectMcpServer
DA:15,0
DA:16,0
DA:17,0
DA:19,0
DA:20,0
DA:28,0
DA:29,0
DA:30,0
DA:43,0
DA:44,0
DA:157,0
DA:158,0
DA:160,0
DA:162,0
DA:164,0
DA:166,0
DA:168,0
DA:170,0
DA:172,0
DA:174,0
DA:176,0
DA:178,0
DA:181,0
DA:183,0
DA:185,0
DA:187,0
DA:189,0
DA:191,0
DA:193,0
DA:195,0
DA:197,0
DA:199,0
DA:208,0
DA:209,0
DA:210,0
DA:212,0
DA:213,0
DA:216,0
DA:217,0
DA:218,0
DA:219,0
DA:221,0
DA:222,0
DA:224,0
DA:225,0
DA:226,0
DA:237,0
DA:238,0
DA:242,0
DA:243,0
DA:251,0
DA:254,0
DA:255,0
DA:256,0
DA:259,0
DA:260,0
DA:261,0
DA:263,0
DA:264,0
DA:265,0
DA:268,0
DA:270,0
DA:271,0
DA:279,0
DA:285,0
DA:286,0
DA:287,0
DA:290,0
DA:291,0
DA:292,0
DA:295,0
DA:303,0
DA:304,0
DA:314,0
DA:317,0
DA:318,0
DA:329,0
DA:331,0
DA:334,0
DA:336,0
DA:338,0
DA:339,0
DA:349,0
DA:352,0
DA:358,0
DA:359,0
DA:374,0
DA:375,0
DA:376,0
DA:378,0
DA:385,0
DA:386,0
DA:400,0
DA:401,0
DA:403,0
DA:404,0
DA:413,0
DA:415,0
DA:416,0
DA:426,0
DA:427,0
DA:428,0
DA:431,0
DA:432,0
DA:435,0
DA:442,0
DA:443,0
DA:457,0
DA:458,0
DA:460,0
DA:461,0
DA:470,0
DA:472,0
DA:474,0
DA:477,0
DA:480,0
DA:483,0
DA:486,0
DA:487,0
DA:488,0
DA:492,0
DA:494,0
DA:501,0
DA:502,0
DA:510,0
DA:511,0
DA:525,0
DA:526,0
DA:528,0
DA:529,0
DA:538,0
DA:540,0
DA:541,0
DA:551,0
DA:553,0
DA:560,0
DA:561,0
DA:575,0
DA:576,0
DA:578,0
DA:579,0
DA:587,0
DA:594,0
DA:595,0
DA:609,0
DA:610,0
DA:612,0
DA:613,0
DA:622,0
DA:624,0
DA:625,0
DA:635,0
DA:637,0
DA:644,0
DA:645,0
DA:659,0
DA:660,0
DA:662,0
DA:663,0
DA:672,0
DA:674,0
DA:675,0
DA:684,0
DA:691,0
DA:692,0
DA:706,0
DA:707,0
DA:710,0
DA:711,0
DA:712,0
DA:713,0
DA:715,0
DA:718,0
DA:719,0
DA:721,0
DA:723,0
DA:724,0
DA:727,0
DA:734,0
DA:735,0
DA:749,0
DA:750,0
DA:752,0
DA:759,0
DA:760,0
DA:776,0
DA:777,0
DA:780,0
LF:188
LH:0
BRDA:160,0,0,0
BRDA:160,0,1,0
BRDA:160,0,2,0
BRDA:160,0,3,0
BRDA:160,0,4,0
BRDA:160,0,5,0
BRDA:160,0,6,0
BRDA:160,0,7,0
BRDA:160,0,8,0
BRDA:160,0,9,0
BRDA:160,0,10,0
BRDA:160,0,11,0
BRDA:160,0,12,0
BRDA:160,0,13,0
BRDA:160,0,14,0
BRDA:160,0,15,0
BRDA:160,0,16,0
BRDA:160,0,17,0
BRDA:160,0,18,0
BRDA:207,1,0,0
BRDA:209,2,0,0
BRDA:209,2,1,0
BRDA:270,3,0,0
BRDA:270,3,1,0
BRDA:303,4,0,0
BRDA:310,5,0,0
BRDA:310,5,1,0
BRDA:317,6,0,0
BRDA:317,7,0,0
BRDA:317,7,1,0
BRDA:329,8,0,0
BRDA:338,9,0,0
BRDA:358,10,0,0
BRDA:358,10,1,0
BRDA:363,11,0,0
BRDA:363,11,1,0
BRDA:385,12,0,0
BRDA:385,12,1,0
BRDA:389,13,0,0
BRDA:389,13,1,0
BRDA:403,14,0,0
BRDA:415,15,0,0
BRDA:427,16,0,0
BRDA:442,17,0,0
BRDA:442,17,1,0
BRDA:446,18,0,0
BRDA:446,18,1,0
BRDA:460,19,0,0
BRDA:460,20,0,0
BRDA:460,20,1,0
BRDA:510,21,0,0
BRDA:510,21,1,0
BRDA:514,22,0,0
BRDA:514,22,1,0
BRDA:528,23,0,0
BRDA:540,24,0,0
BRDA:560,25,0,0
BRDA:560,25,1,0
BRDA:564,26,0,0
BRDA:564,26,1,0
BRDA:578,27,0,0
BRDA:594,28,0,0
BRDA:594,28,1,0
BRDA:598,29,0,0
BRDA:598,29,1,0
BRDA:612,30,0,0
BRDA:624,31,0,0
BRDA:644,32,0,0
BRDA:644,32,1,0
BRDA:648,33,0,0
BRDA:648,33,1,0
BRDA:662,34,0,0
BRDA:674,35,0,0
BRDA:691,36,0,0
BRDA:691,36,1,0
BRDA:695,37,0,0
BRDA:695,37,1,0
BRDA:707,38,0,0
BRDA:707,38,1,0
BRDA:710,39,0,0
BRDA:710,39,1,0
BRDA:724,40,0,0
BRDA:724,40,1,0
BRDA:734,41,0,0
BRDA:734,41,1,0
BRDA:738,42,0,0
BRDA:738,42,1,0
BRDA:759,43,0,0
BRDA:759,43,1,0
BRDA:763,44,0,0
BRDA:763,44,1,0
BRF:91
BRH:0
end_of_record
TN:
SF:src/direct-server.ts
FN:6,main
FN:12,(anonymous_1)
FN:17,(anonymous_2)
FN:23,(anonymous_3)
FN:29,(anonymous_4)
FN:36,(anonymous_5)
FNF:6
FNH:0
FNDA:0,main
FNDA:0,(anonymous_1)
FNDA:0,(anonymous_2)
FNDA:0,(anonymous_3)
FNDA:0,(anonymous_4)
FNDA:0,(anonymous_5)
DA:7,0
DA:9,0
DA:12,0
DA:13,0
DA:14,0
DA:17,0
DA:18,0
DA:19,0
DA:23,0
DA:24,0
DA:29,0
DA:30,0
DA:35,0
DA:36,0
DA:37,0
DA:40,0
DA:41,0
DA:43,0
DA:45,0
DA:46,0
DA:51,0
LF:21
LH:0
BRDA:37,0,0,0
BRDA:37,0,1,0
BRDA:37,1,0,0
BRDA:37,1,1,0
BRDA:40,2,0,0
BRDA:40,2,1,0
BRDA:40,3,0,0
BRDA:40,3,1,0
BRDA:45,4,0,0
BRDA:45,4,1,0
BRF:10
BRH:0
end_of_record
TN:
SF:src/direct.ts
FN:6,main
FN:20,(anonymous_1)
FN:27,(anonymous_2)
FNF:3
FNH:0
FNDA:0,main
FNDA:0,(anonymous_1)
FNDA:0,(anonymous_2)
DA:7,0
DA:8,0
DA:11,0
DA:12,0
DA:14,0
DA:17,0
DA:20,0
DA:21,0
DA:22,0
DA:23,0
DA:27,0
DA:28,0
DA:29,0
DA:30,0
DA:33,0
DA:34,0
DA:39,0
LF:17
LH:0
BRDA:33,0,0,0
BRDA:33,0,1,0
BRF:2
BRH:0
end_of_record
TN:
SF:src/directServer.ts
FN:26,(anonymous_0)
FN:157,(anonymous_1)
FN:186,(anonymous_2)
FN:201,(anonymous_3)
FN:269,(anonymous_4)
FN:312,(anonymous_5)
FN:332,(anonymous_6)
FN:346,(anonymous_7)
FN:360,(anonymous_8)
FN:378,(anonymous_9)
FN:404,(anonymous_10)
FN:438,(anonymous_11)
FN:473,(anonymous_12)
FN:499,(anonymous_13)
FN:511,main
FN:525,(anonymous_15)
FN:532,(anonymous_16)
FNF:17
FNH:0
FNDA:0,(anonymous_0)
FNDA:0,(anonymous_1)
FNDA:0,(anonymous_2)
FNDA:0,(anonymous_3)
FNDA:0,(anonymous_4)
FNDA:0,(anonymous_5)
FNDA:0,(anonymous_6)
FNDA:0,(anonymous_7)
FNDA:0,(anonymous_8)
FNDA:0,(anonymous_9)
FNDA:0,(anonymous_10)
FNDA:0,(anonymous_11)
FNDA:0,(anonymous_12)
FNDA:0,(anonymous_13)
FNDA:0,main
FNDA:0,(anonymous_15)
FNDA:0,(anonymous_16)
DA:11,0
DA:12,0
DA:15,0
DA:28,0
DA:34,0
DA:45,0
DA:95,0
DA:154,0
DA:155,0
DA:159,0
DA:160,0
DA:162,0
DA:163,0
DA:164,0
DA:165,0
DA:168,0
DA:169,0
DA:170,0
DA:171,0
DA:173,0
DA:174,0
DA:177,0
DA:180,0
DA:187,0
DA:188,0
DA:189,0
DA:192,0
DA:195,0
DA:201,0
DA:202,0
DA:204,0
DA:205,0
DA:208,0
DA:210,0
DA:212,0
DA:215,0
DA:217,0
DA:218,0
DA:221,0
DA:222,0
DA:231,0
DA:235,0
DA:237,0
DA:240,0
DA:241,0
DA:242,0
DA:243,0
DA:254,0
DA:258,0
DA:262,0
DA:263,0
DA:270,0
DA:271,0
DA:272,0
DA:275,0
DA:277,0
DA:279,0
DA:280,0
DA:282,0
DA:283,0
DA:285,0
DA:286,0
DA:288,0
DA:289,0
DA:291,0
DA:292,0
DA:294,0
DA:295,0
DA:297,0
DA:305,0
DA:313,0
DA:314,0
DA:333,0
DA:334,0
DA:347,0
DA:348,0
DA:361,0
DA:363,0
DA:365,0
DA:366,0
DA:374,0
DA:378,0
DA:380,0
DA:381,0
DA:389,0
DA:392,0
DA:405,0
DA:407,0
DA:409,0
DA:410,0
DA:418,0
DA:423,0
DA:425,0
DA:439,0
DA:441,0
DA:442,0
DA:446,0
DA:474,0
DA:476,0
DA:478,0
DA:479,0
DA:480,0
DA:484,0
DA:487,0
DA:490,0
DA:492,0
DA:500,0
DA:501,0
DA:502,0
DA:505,0
DA:506,0
DA:512,0
DA:513,0
DA:516,0
DA:517,0
DA:519,0
DA:522,0
DA:525,0
DA:526,0
DA:527,0
DA:528,0
DA:532,0
DA:533,0
DA:534,0
DA:535,0
DA:538,0
DA:539,0
DA:544,0
DA:545,0
LF:129
LH:0
BRDA:28,0,0,0
BRDA:28,0,1,0
BRDA:28,0,2,0
BRDA:163,1,0,0
BRDA:163,1,1,0
BRDA:169,2,0,0
BRDA:177,3,0,0
BRDA:177,3,1,0
BRDA:180,4,0,0
BRDA:180,4,1,0
BRDA:187,5,0,0
BRDA:204,6,0,0
BRDA:208,7,0,0
BRDA:208,7,1,0
BRDA:217,8,0,0
BRDA:221,9,0,0
BRDA:221,10,0,0
BRDA:221,10,1,0
BRDA:221,10,2,0
BRDA:237,11,0,0
BRDA:237,11,1,0
BRDA:242,12,0,0
BRDA:242,13,0,0
BRDA:242,13,1,0
BRDA:242,13,2,0
BRDA:258,14,0,0
BRDA:258,14,1,0
BRDA:270,15,0,0
BRDA:277,16,0,0
BRDA:277,16,1,0
BRDA:277,16,2,0
BRDA:277,16,3,0
BRDA:277,16,4,0
BRDA:277,16,5,0
BRDA:277,16,6,0
BRDA:365,17,0,0
BRDA:380,18,0,0
BRDA:409,19,0,0
BRDA:442,20,0,0
BRDA:442,20,1,0
BRDA:478,21,0,0
BRDA:492,22,0,0
BRDA:492,22,1,0
BRDA:500,23,0,0
BRDA:538,24,0,0
BRDA:538,24,1,0
BRDA:544,25,0,0
BRF:47
BRH:0
end_of_record
TN:
SF:src/mcpServer.ts
FN:12,createMcpServer
FN:28,(anonymous_1)
FN:58,(anonymous_2)
FN:108,(anonymous_3)
FN:124,(anonymous_4)
FN:152,(anonymous_5)
FN:169,(anonymous_6)
FN:205,(anonymous_7)
FN:243,(anonymous_8)
FN:259,(anonymous_9)
FN:287,(anonymous_10)
FN:326,(anonymous_11)
FN:343,(anonymous_12)
FN:363,(anonymous_13)
FN:400,(anonymous_14)
FNF:15
FNH:0
FNDA:0,createMcpServer
FNDA:0,(anonymous_1)
FNDA:0,(anonymous_2)
FNDA:0,(anonymous_3)
FNDA:0,(anonymous_4)
FNDA:0,(anonymous_5)
FNDA:0,(anonymous_6)
FNDA:0,(anonymous_7)
FNDA:0,(anonymous_8)
FNDA:0,(anonymous_9)
FNDA:0,(anonymous_10)
FNDA:0,(anonymous_11)
FNDA:0,(anonymous_12)
FNDA:0,(anonymous_13)
FNDA:0,(anonymous_14)
DA:13,0
DA:15,0
DA:16,0
DA:19,0
DA:25,0
DA:29,0
DA:30,0
DA:31,0
DA:33,0
DA:40,0
DA:41,0
DA:53,0
DA:59,0
DA:60,0
DA:62,0
DA:63,0
DA:73,0
DA:74,0
DA:75,0
DA:78,0
DA:79,0
DA:82,0
DA:89,0
DA:90,0
DA:102,0
DA:109,0
DA:110,0
DA:112,0
DA:113,0
DA:123,0
DA:124,0
DA:125,0
DA:127,0
DA:134,0
DA:135,0
DA:147,0
DA:153,0
DA:154,0
DA:156,0
DA:157,0
DA:166,0
DA:168,0
DA:169,0
DA:170,0
DA:172,0
DA:179,0
DA:181,0
DA:189,0
DA:190,0
DA:202,0
DA:206,0
DA:207,0
DA:209,0
DA:210,0
DA:218,0
DA:225,0
DA:226,0
DA:238,0
DA:244,0
DA:245,0
DA:247,0
DA:248,0
DA:258,0
DA:259,0
DA:260,0
DA:262,0
DA:269,0
DA:270,0
DA:282,0
DA:288,0
DA:289,0
DA:291,0
DA:292,0
DA:301,0
DA:308,0
DA:309,0
DA:321,0
DA:327,0
DA:328,0
DA:331,0
DA:332,0
DA:333,0
DA:335,0
DA:336,0
DA:337,0
DA:340,0
DA:343,0
DA:347,0
DA:348,0
DA:360,0
DA:364,0
DA:365,0
DA:366,0
DA:368,0
DA:370,0
DA:371,0
DA:372,0
DA:375,0
DA:382,0
DA:383,0
DA:395,0
DA:401,0
DA:402,0
DA:404,0
DA:412,0
DA:413,0
DA:424,0
DA:425,0
DA:427,0
DA:428,0
LF:110
LH:0
BRDA:40,0,0,0
BRDA:40,0,1,0
BRDA:44,1,0,0
BRDA:44,1,1,0
BRDA:62,2,0,0
BRDA:74,3,0,0
BRDA:89,4,0,0
BRDA:89,4,1,0
BRDA:93,5,0,0
BRDA:93,5,1,0
BRDA:112,6,0,0
BRDA:134,7,0,0
BRDA:134,7,1,0
BRDA:138,8,0,0
BRDA:138,8,1,0
BRDA:156,9,0,0
BRDA:179,10,0,0
BRDA:179,10,1,0
BRDA:189,11,0,0
BRDA:189,11,1,0
BRDA:193,12,0,0
BRDA:193,12,1,0
BRDA:209,13,0,0
BRDA:225,14,0,0
BRDA:225,14,1,0
BRDA:229,15,0,0
BRDA:229,15,1,0
BRDA:247,16,0,0
BRDA:269,17,0,0
BRDA:269,17,1,0
BRDA:273,18,0,0
BRDA:273,18,1,0
BRDA:291,19,0,0
BRDA:308,20,0,0
BRDA:308,20,1,0
BRDA:312,21,0,0
BRDA:312,21,1,0
BRDA:331,22,0,0
BRDA:331,22,1,0
BRDA:343,23,0,0
BRDA:343,23,1,0
BRDA:347,24,0,0
BRDA:347,24,1,0
BRDA:351,25,0,0
BRDA:351,25,1,0
BRDA:372,26,0,0
BRDA:372,26,1,0
BRDA:382,27,0,0
BRDA:382,27,1,0
BRDA:386,28,0,0
BRDA:386,28,1,0
BRDA:412,29,0,0
BRDA:412,29,1,0
BRDA:416,30,0,0
BRDA:416,30,1,0
BRDA:427,31,0,0
BRDA:427,31,1,0
BRF:57
BRH:0
end_of_record
TN:
SF:src/naturalLanguageParser.ts
FN:55,parseMemoryCommand
FN:111,findBestSectionMatch
FN:131,(anonymous_2)
FN:140,determineBestSection
FN:172,formatContent
FN:206,processMemoryCommand
FN:261,(anonymous_6)
FNF:7
FNH:0
FNDA:0,parseMemoryCommand
FNDA:0,findBestSectionMatch
FNDA:0,(anonymous_2)
FNDA:0,determineBestSection
FNDA:0,formatContent
FNDA:0,processMemoryCommand
FNDA:0,(anonymous_6)
DA:15,0
DA:57,0
DA:65,0
DA:66,0
DA:67,0
DA:69,0
DA:70,0
DA:71,0
DA:73,0
DA:74,0
DA:81,0
DA:82,0
DA:83,0
DA:85,0
DA:86,0
DA:93,0
DA:94,0
DA:96,0
DA:103,0
DA:112,0
DA:115,0
DA:116,0
DA:117,0
DA:122,0
DA:123,0
DA:125,0
DA:130,0
DA:131,0
DA:142,0
DA:143,0
DA:146,0
DA:149,0
DA:150,0
DA:152,0
DA:153,0
DA:154,0
DA:158,0
DA:159,0
DA:160,0
DA:164,0
DA:174,0
DA:175,0
DA:179,0
DA:181,0
DA:182,0
DA:183,0
DA:184,0
DA:188,0
DA:189,0
DA:190,0
DA:191,0
DA:192,0
DA:193,0
DA:198,0
DA:207,0
DA:209,0
DA:210,0
DA:213,0
DA:215,0
DA:216,0
DA:223,0
DA:226,0
DA:227,0
DA:228,0
DA:229,0
DA:230,0
DA:236,0
DA:240,0
DA:243,0
DA:245,0
DA:246,0
DA:253,0
DA:256,0
DA:259,0
DA:261,0
DA:263,0
DA:268,0
DA:269,0
LF:78
LH:0
BRDA:67,0,0,0
BRDA:69,1,0,0
BRDA:81,2,0,0
BRDA:116,3,0,0
BRDA:123,4,0,0
BRDA:123,5,0,0
BRDA:123,5,1,0
BRDA:153,6,0,0
BRDA:158,7,0,0
BRDA:174,8,0,0
BRDA:181,9,0,0
BRDA:188,10,0,0
BRDA:190,11,0,0
BRDA:215,12,0,0
BRDA:226,13,0,0
BRDA:229,14,0,0
BRDA:245,15,0,0
BRDA:271,16,0,0
BRDA:271,16,1,0
BRF:19
BRH:0
end_of_record
TN:
SF:src/nodeWrapper.ts
FN:26,(anonymous_0)
FN:43,(anonymous_1)
FN:48,(anonymous_2)
FN:53,(anonymous_3)
FN:57,(anonymous_4)
FNF:5
FNH:0
FNDA:0,(anonymous_0)
FNDA:0,(anonymous_1)
FNDA:0,(anonymous_2)
FNDA:0,(anonymous_3)
FNDA:0,(anonymous_4)
DA:14,0
DA:15,0
DA:18,0
DA:21,0
DA:26,0
DA:27,0
DA:29,0
DA:30,0
DA:32,0
DA:34,0
DA:37,0
DA:43,0
DA:44,0
DA:48,0
DA:49,0
DA:53,0
DA:54,0
DA:57,0
DA:58,0
DA:62,0
LF:20
LH:0
BRDA:49,0,0,0
BRDA:49,0,1,0
BRF:2
BRH:0
end_of_record
TN:
SF:src/platformSync.ts
FN:12,(anonymous_0)
FN:13,(anonymous_1)
FN:26,expandTildePath
FN:48,ensureFileWritable
FN:96,extractMyAIMemorySection
FN:116,updateMyAIMemorySection
FN:156,isClaudeMdGitignored
FN:197,addClaudeMdToGitignore
FN:245,(anonymous_8)
FN:261,(anonymous_9)
FN:325,(anonymous_10)
FN:390,(anonymous_11)
FN:422,(anonymous_12)
FN:426,(anonymous_13)
FN:446,(anonymous_14)
FN:490,(anonymous_15)
FN:506,(anonymous_16)
FN:555,(anonymous_17)
FN:578,(anonymous_18)
FN:644,(anonymous_19)
FN:654,(anonymous_20)
FN:661,(anonymous_21)
FN:676,(anonymous_22)
FNF:23
FNH:0
FNDA:0,(anonymous_0)
FNDA:0,(anonymous_1)
FNDA:0,expandTildePath
FNDA:0,ensureFileWritable
FNDA:0,extractMyAIMemorySection
FNDA:0,updateMyAIMemorySection
FNDA:0,isClaudeMdGitignored
FNDA:0,addClaudeMdToGitignore
FNDA:0,(anonymous_8)
FNDA:0,(anonymous_9)
FNDA:0,(anonymous_10)
FNDA:0,(anonymous_11)
FNDA:0,(anonymous_12)
FNDA:0,(anonymous_13)
FNDA:0,(anonymous_14)
FNDA:0,(anonymous_15)
FNDA:0,(anonymous_16)
FNDA:0,(anonymous_17)
FNDA:0,(anonymous_18)
FNDA:0,(anonymous_19)
FNDA:0,(anonymous_20)
FNDA:0,(anonymous_21)
FNDA:0,(anonymous_22)
DA:11,0
DA:12,0
DA:13,0
DA:27,0
DA:28,0
DA:32,0
DA:33,0
DA:37,0
DA:38,0
DA:41,0
DA:49,0
DA:51,0
DA:52,0
DA:55,0
DA:56,0
DA:59,0
DA:60,0
DA:61,0
DA:63,0
DA:68,0
DA:70,0
DA:71,0
DA:74,0
DA:79,0
DA:80,0
DA:81,0
DA:82,0
DA:84,0
DA:85,0
DA:88,0
DA:89,0
DA:98,0
DA:100,0
DA:103,0
DA:107,0
DA:117,0
DA:119,0
DA:120,0
DA:124,0
DA:127,0
DA:129,0
DA:131,0
DA:133,0
DA:135,0
DA:138,0
DA:139,0
DA:143,0
DA:144,0
DA:146,0
DA:147,0
DA:157,0
DA:158,0
DA:161,0
DA:162,0
DA:165,0
DA:169,0
DA:172,0
DA:173,0
DA:174,0
DA:176,0
DA:182,0
DA:186,0
DA:188,0
DA:189,0
DA:198,0
DA:199,0
DA:202,0
DA:203,0
DA:204,0
DA:205,0
DA:208,0
DA:212,0
DA:214,0
DA:215,0
DA:219,0
DA:220,0
DA:224,0
DA:227,0
DA:228,0
DA:231,0
DA:232,0
DA:240,0
DA:241,0
DA:242,0
DA:247,0
DA:248,0
DA:251,0
DA:252,0
DA:253,0
DA:254,0
DA:258,0
DA:262,0
DA:264,0
DA:265,0
DA:268,0
DA:269,0
DA:270,0
DA:278,0
DA:279,0
DA:282,0
DA:283,0
DA:284,0
DA:287,0
DA:288,0
DA:290,0
DA:291,0
DA:293,0
DA:294,0
DA:296,0
DA:297,0
DA:298,0
DA:300,0
DA:306,0
DA:312,0
DA:313,0
DA:319,0
DA:321,0
DA:324,0
DA:325,0
DA:327,0
DA:330,0
DA:331,0
DA:332,0
DA:336,0
DA:337,0
DA:338,0
DA:339,0
DA:342,0
DA:343,0
DA:344,0
DA:345,0
DA:346,0
DA:347,0
DA:349,0
DA:355,0
DA:356,0
DA:358,0
DA:359,0
DA:360,0
DA:362,0
DA:368,0
DA:369,0
DA:376,0
DA:377,0
DA:384,0
DA:386,0
DA:387,0
DA:390,0
DA:392,0
DA:393,0
DA:399,0
DA:406,0
DA:407,0
DA:423,0
DA:427,0
DA:430,0
DA:436,0
DA:437,0
DA:440,0
DA:443,0
DA:446,0
DA:447,0
DA:451,0
DA:452,0
DA:455,0
DA:458,0
DA:459,0
DA:460,0
DA:463,0
DA:464,0
DA:465,0
DA:466,0
DA:469,0
DA:473,0
DA:474,0
DA:475,0
DA:477,0
DA:481,0
DA:482,0
DA:484,0
DA:486,0
DA:489,0
DA:490,0
DA:491,0
DA:494,0
DA:495,0
DA:499,0
DA:500,0
DA:501,0
DA:502,0
DA:505,0
DA:508,0
DA:516,0
DA:518,0
DA:521,0
DA:524,0
DA:525,0
DA:527,0
DA:533,0
DA:534,0
DA:537,0
DA:538,0
DA:552,0
DA:553,0
DA:558,0
DA:559,0
DA:560,0
DA:563,0
DA:564,0
DA:568,0
DA:569,0
DA:570,0
DA:573,0
DA:574,0
DA:579,0
DA:580,0
DA:583,0
DA:584,0
DA:585,0
DA:593,0
DA:594,0
DA:597,0
DA:598,0
DA:599,0
DA:607,0
DA:608,0
DA:609,0
DA:617,0
DA:620,0
DA:622,0
DA:628,0
DA:629,0
DA:642,0
DA:646,0
DA:647,0
DA:655,0
DA:662,0
DA:664,0
DA:665,0
DA:666,0
DA:667,0
DA:670,0
DA:677,0
DA:679,0
DA:680,0
DA:687,0
LF:246
LH:0
BRDA:27,0,0,0
BRDA:27,1,0,0
BRDA:27,1,1,0
BRDA:32,2,0,0
BRDA:32,3,0,0
BRDA:32,3,1,0
BRDA:37,4,0,0
BRDA:98,5,0,0
BRDA:119,6,0,0
BRDA:129,7,0,0
BRDA:129,7,1,0
BRDA:176,8,0,0
BRDA:177,9,0,0
BRDA:177,9,1,0
BRDA:177,9,2,0
BRDA:177,9,3,0
BRDA:212,10,0,0
BRDA:214,11,0,0
BRDA:219,12,0,0
BRDA:219,13,0,0
BRDA:219,13,1,0
BRDA:247,14,0,0
BRDA:247,14,1,0
BRDA:252,15,0,0
BRDA:268,16,0,0
BRDA:291,17,0,0
BRDA:291,17,1,0
BRDA:294,18,0,0
BRDA:294,18,1,0
BRDA:315,19,0,0
BRDA:315,19,1,0
BRDA:331,20,0,0
BRDA:343,21,0,0
BRDA:356,22,0,0
BRDA:356,22,1,0
BRDA:371,23,0,0
BRDA:371,23,1,0
BRDA:379,24,0,0
BRDA:379,24,1,0
BRDA:386,25,0,0
BRDA:386,25,1,0
BRDA:392,26,0,0
BRDA:392,26,1,0
BRDA:410,27,0,0
BRDA:410,27,1,0
BRDA:447,28,0,0
BRDA:447,28,1,0
BRDA:451,29,0,0
BRDA:451,29,1,0
BRDA:458,30,0,0
BRDA:458,30,1,0
BRDA:458,31,0,0
BRDA:458,31,1,0
BRDA:464,32,0,0
BRDA:484,33,0,0
BRDA:484,33,1,0
BRDA:500,34,0,0
BRDA:500,34,1,0
BRDA:509,35,0,0
BRDA:509,35,1,0
BRDA:533,36,0,0
BRDA:541,37,0,0
BRDA:541,37,1,0
BRDA:558,38,0,0
BRDA:558,38,1,0
BRDA:568,39,0,0
BRDA:568,40,0,0
BRDA:568,40,1,0
BRDA:583,41,0,0
BRDA:598,42,0,0
BRDA:608,43,0,0
BRDA:632,44,0,0
BRDA:632,44,1,0
BRDA:679,45,0,0
BRF:74
BRH:0
end_of_record
TN:
SF:src/server.ts
FN:5,main
FN:17,(anonymous_1)
FN:22,(anonymous_2)
FN:35,(anonymous_3)
FN:51,(anonymous_4)
FN:67,(anonymous_5)
FN:82,(anonymous_6)
FN:116,(anonymous_7)
FNF:8
FNH:0
FNDA:0,main
FNDA:0,(anonymous_1)
FNDA:0,(anonymous_2)
FNDA:0,(anonymous_3)
FNDA:0,(anonymous_4)
FNDA:0,(anonymous_5)
FNDA:0,(anonymous_6)
FNDA:0,(anonymous_7)
DA:6,0
DA:7,0
DA:9,0
DA:11,0
DA:14,0
DA:17,0
DA:18,0
DA:22,0
DA:23,0
DA:24,0
DA:25,0
DA:27,0
DA:30,0
DA:31,0
DA:32,0
DA:35,0
DA:36,0
DA:37,0
DA:40,0
DA:41,0
DA:43,0
DA:44,0
DA:45,0
DA:51,0
DA:52,0
DA:54,0
DA:56,0
DA:57,0
DA:58,0
DA:61,0
DA:62,0
DA:63,0
DA:64,0
DA:67,0
DA:68,0
DA:69,0
DA:70,0
DA:74,0
DA:75,0
DA:76,0
DA:82,0
DA:83,0
DA:116,0
DA:117,0
DA:120,0
DA:121,0
DA:126,0
DA:127,0
LF:48
LH:0
BRDA:6,0,0,0
BRDA:6,0,1,0
BRDA:44,1,0,0
BRDA:56,2,0,0
BRDA:62,3,0,0
BRDA:69,4,0,0
BRDA:75,5,0,0
BRDA:120,6,0,0
BRDA:120,6,1,0
BRDA:126,7,0,0
BRF:10
BRH:0
end_of_record
TN:
SF:src/templateParser.ts
FN:6,parseTemplate
FN:65,generateTemplate
FN:88,validateTemplate
FNF:3
FNH:0
FNDA:0,parseTemplate
FNDA:0,generateTemplate
FNDA:0,validateTemplate
DA:7,0
DA:8,0
DA:10,0
DA:12,0
DA:13,0
DA:16,0
DA:17,0
DA:21,0
DA:22,0
DA:23,0
DA:26,0
DA:31,0
DA:35,0
DA:36,0
DA:37,0
DA:41,0
DA:42,0
DA:43,0
DA:45,0
DA:46,0
DA:47,0
DA:49,0
DA:55,0
DA:56,0
DA:59,0
DA:66,0
DA:68,0
DA:69,0
DA:71,0
DA:72,0
DA:75,0
DA:76,0
DA:79,0
DA:82,0
DA:89,0
DA:90,0
DA:93,0
DA:94,0
DA:95,0
DA:98,0
DA:99,0
DA:102,0
DA:103,0
DA:106,0
DA:107,0
DA:108,0
DA:111,0
DA:112,0
DA:117,0
LF:49
LH:0
BRDA:16,0,0,0
BRDA:16,1,0,0
BRDA:16,1,1,0
BRDA:21,2,0,0
BRDA:21,3,0,0
BRDA:21,3,1,0
BRDA:22,4,0,0
BRDA:35,5,0,0
BRDA:35,6,0,0
BRDA:35,6,1,0
BRDA:41,7,0,0
BRDA:41,8,0,0
BRDA:41,8,1,0
BRDA:45,9,0,0
BRDA:55,10,0,0
BRDA:71,11,0,0
BRDA:89,12,0,0
BRDA:89,13,0,0
BRDA:89,13,1,0
BRDA:94,14,0,0
BRDA:94,15,0,0
BRDA:94,15,1,0
BRDA:98,16,0,0
BRDA:102,17,0,0
BRDA:107,18,0,0
BRDA:107,19,0,0
BRDA:107,19,1,0
BRDA:111,20,0,0
BRF:28
BRH:0
end_of_record
TN:
SF:src/templateStorage.ts
FN:18,(anonymous_0)
FN:25,(anonymous_1)
FN:79,(anonymous_2)
FN:88,(anonymous_3)
FN:96,(anonymous_4)
FN:103,(anonymous_5)
FN:105,(anonymous_6)
FN:113,(anonymous_7)
FN:126,(anonymous_8)
FN:149,(anonymous_9)
FN:169,(anonymous_10)
FN:189,(anonymous_11)
FN:192,(anonymous_12)
FN:193,(anonymous_13)
FN:199,(anonymous_14)
FNF:15
FNH:0
FNDA:0,(anonymous_0)
FNDA:0,(anonymous_1)
FNDA:0,(anonymous_2)
FNDA:0,(anonymous_3)
FNDA:0,(anonymous_4)
FNDA:0,(anonymous_5)
FNDA:0,(anonymous_6)
FNDA:0,(anonymous_7)
FNDA:0,(anonymous_8)
FNDA:0,(anonymous_9)
FNDA:0,(anonymous_10)
FNDA:0,(anonymous_11)
FNDA:0,(anonymous_12)
FNDA:0,(anonymous_13)
FNDA:0,(anonymous_14)
DA:7,0
DA:8,0
DA:9,0
DA:10,0
DA:19,0
DA:26,0
DA:28,0
DA:29,0
DA:32,0
DA:33,0
DA:36,0
DA:56,0
DA:60,0
DA:61,0
DA:62,0
DA:63,0
DA:64,0
DA:67,0
DA:71,0
DA:72,0
DA:80,0
DA:81,0
DA:82,0
DA:89,0
DA:90,0
DA:97,0
DA:104,0
DA:105,0
DA:107,0
DA:114,0
DA:116,0
DA:118,0
DA:119,0
DA:122,0
DA:125,0
DA:126,0
DA:129,0
DA:131,0
DA:134,0
DA:138,0
DA:139,0
DA:141,0
DA:142,0
DA:150,0
DA:151,0
DA:153,0
DA:154,0
DA:157,0
DA:158,0
DA:159,0
DA:161,0
DA:162,0
DA:170,0
DA:171,0
DA:172,0
DA:173,0
DA:176,0
DA:178,0
DA:179,0
DA:181,0
DA:182,0
DA:190,0
DA:191,0
DA:192,0
DA:193,0
DA:202,0
DA:203,0
DA:236,0
DA:237,0
DA:269,0
DA:291,0
DA:292,0
LF:72
LH:0
BRDA:107,0,0,0
BRDA:107,0,1,0
BRDA:118,1,0,0
BRDA:129,2,0,0
BRDA:129,2,1,0
BRDA:153,3,0,0
BRDA:202,4,0,0
BRDA:202,4,1,0
BRDA:236,5,0,0
BRDA:236,5,1,0
BRF:10
BRH:0
end_of_record
TN:
SF:src/version.ts
FN:8,printVersion
FNF:1
FNH:0
FNDA:0,printVersion
DA:9,0
DA:15,0
DA:16,0
LF:3
LH:0
BRF:0
BRH:0
end_of_record
TN:
SF:src/wrapper.ts
FN:21,(anonymous_0)
FN:38,(anonymous_1)
FN:43,(anonymous_2)
FN:48,(anonymous_3)
FN:52,(anonymous_4)
FNF:5
FNH:0
FNDA:0,(anonymous_0)
FNDA:0,(anonymous_1)
FNDA:0,(anonymous_2)
FNDA:0,(anonymous_3)
FNDA:0,(anonymous_4)
DA:8,0
DA:9,0
DA:12,0
DA:15,0
DA:21,0
DA:22,0
DA:24,0
DA:25,0
DA:27,0
DA:29,0
DA:32,0
DA:38,0
DA:39,0
DA:43,0
DA:44,0
DA:48,0
DA:49,0
DA:52,0
DA:53,0
DA:57,0
LF:20
LH:0
BRDA:44,0,0,0
BRDA:44,0,1,0
BRF:2
BRH:0
end_of_record
TN:
SF:src/services/platformService.ts
FN:25,(anonymous_0)
FN:29,(anonymous_1)
FN:79,(anonymous_2)
FN:84,(anonymous_3)
FN:131,(anonymous_4)
FN:135,(anonymous_5)
FN:199,(anonymous_6)
FN:246,(anonymous_7)
FN:273,(anonymous_8)
FN:283,(anonymous_9)
FN:313,(anonymous_10)
FN:321,(anonymous_11)
FN:328,(anonymous_12)
FN:337,(anonymous_13)
FN:381,(anonymous_14)
FN:410,(anonymous_15)
FN:417,(anonymous_16)
FNF:17
FNH:0
FNDA:0,(anonymous_0)
FNDA:0,(anonymous_1)
FNDA:0,(anonymous_2)
FNDA:0,(anonymous_3)
FNDA:0,(anonymous_4)
FNDA:0,(anonymous_5)
FNDA:0,(anonymous_6)
FNDA:0,(anonymous_7)
FNDA:0,(anonymous_8)
FNDA:0,(anonymous_9)
FNDA:0,(anonymous_10)
FNDA:0,(anonymous_11)
FNDA:0,(anonymous_12)
FNDA:0,(anonymous_13)
FNDA:0,(anonymous_14)
FNDA:0,(anonymous_15)
FNDA:0,(anonymous_16)
DA:22,0
DA:23,0
DA:26,0
DA:30,0
DA:31,0
DA:34,0
DA:35,0
DA:36,0
DA:44,0
DA:45,0
DA:48,0
DA:49,0
DA:52,0
DA:54,0
DA:60,0
DA:61,0
DA:76,0
DA:77,0
DA:80,0
DA:81,0
DA:85,0
DA:86,0
DA:89,0
DA:90,0
DA:91,0
DA:98,0
DA:102,0
DA:105,0
DA:107,0
DA:113,0
DA:114,0
DA:128,0
DA:129,0
DA:132,0
DA:136,0
DA:137,0
DA:140,0
DA:141,0
DA:142,0
DA:150,0
DA:151,0
DA:152,0
DA:160,0
DA:161,0
DA:164,0
DA:165,0
DA:168,0
DA:170,0
DA:176,0
DA:177,0
DA:190,0
DA:191,0
DA:192,0
DA:193,0
DA:194,0
DA:200,0
DA:203,0
DA:204,0
DA:205,0
DA:206,0
DA:209,0
DA:210,0
DA:212,0
DA:213,0
DA:214,0
DA:215,0
DA:217,0
DA:218,0
DA:219,0
DA:222,0
DA:223,0
DA:224,0
DA:225,0
DA:226,0
DA:230,0
DA:233,0
DA:237,0
DA:240,0
DA:248,0
DA:257,0
DA:258,0
DA:259,0
DA:260,0
DA:261,0
DA:267,0
DA:274,0
DA:275,0
DA:276,0
DA:284,0
DA:285,0
DA:288,0
DA:290,0
DA:291,0
DA:292,0
DA:294,0
DA:295,0
DA:297,0
DA:298,0
DA:299,0
DA:300,0
DA:302,0
DA:307,0
DA:314,0
DA:315,0
DA:322,0
DA:329,0
DA:330,0
DA:338,0
DA:341,0
DA:342,0
DA:343,0
DA:346,0
DA:347,0
DA:349,0
DA:350,0
DA:351,0
DA:352,0
DA:353,0
DA:354,0
DA:355,0
DA:356,0
DA:358,0
DA:359,0
DA:366,0
DA:367,0
DA:375,0
DA:382,0
DA:384,0
DA:385,0
DA:392,0
DA:393,0
DA:394,0
DA:396,0
DA:397,0
DA:404,0
DA:411,0
DA:418,0
DA:423,0
LF:138
LH:0
BRDA:26,0,0,0
BRDA:26,0,1,0
BRDA:34,1,0,0
BRDA:64,2,0,0
BRDA:64,2,1,0
BRDA:81,3,0,0
BRDA:81,3,1,0
BRDA:89,4,0,0
BRDA:117,5,0,0
BRDA:117,5,1,0
BRDA:132,6,0,0
BRDA:132,6,1,0
BRDA:132,6,2,0
BRDA:140,7,0,0
BRDA:151,8,0,0
BRDA:180,9,0,0
BRDA:180,9,1,0
BRDA:200,10,0,0
BRDA:224,11,0,0
BRDA:224,12,0,0
BRDA:224,12,1,0
BRDA:257,13,0,0
BRDA:260,14,0,0
BRDA:275,15,0,0
BRDA:284,16,0,0
BRDA:284,17,0,0
BRDA:284,17,1,0
BRDA:292,18,0,0
BRDA:297,19,0,0
BRDA:329,20,0,0
BRDA:338,21,0,0
BRDA:341,22,0,0
BRDA:351,23,0,0
BRDA:351,23,1,0
BRDA:356,24,0,0
BRDA:356,24,1,0
BRDA:362,25,0,0
BRDA:362,25,1,0
BRDA:382,26,0,0
BRDA:384,27,0,0
BRDA:396,28,0,0
BRF:41
BRH:0
end_of_record
TN:
SF:src/services/templateService.ts
FN:31,(anonymous_0)
FN:80,(anonymous_1)
FN:105,(anonymous_2)
FN:124,(anonymous_3)
FN:138,(anonymous_4)
FN:148,(anonymous_5)
FN:156,(anonymous_6)
FN:163,(anonymous_7)
FN:292,(anonymous_8)
FN:300,(anonymous_9)
FN:322,(anonymous_10)
FN:323,(anonymous_11)
FN:343,(anonymous_12)
FN:346,(anonymous_13)
FN:355,(anonymous_14)
FN:357,(anonymous_15)
FN:359,(anonymous_16)
FN:385,(anonymous_17)
FN:439,(anonymous_18)
FN:445,(anonymous_19)
FN:477,(anonymous_20)
FN:489,(anonymous_21)
FN:508,(anonymous_22)
FN:527,(anonymous_23)
FN:530,(anonymous_24)
FN:560,(anonymous_25)
FN:580,(anonymous_26)
FN:600,(anonymous_27)
FN:603,(anonymous_28)
FN:604,(anonymous_29)
FN:610,(anonymous_30)
FN:629,(anonymous_31)
FN:645,(anonymous_32)
FNF:33
FNH:0
FNDA:0,(anonymous_0)
FNDA:0,(anonymous_1)
FNDA:0,(anonymous_2)
FNDA:0,(anonymous_3)
FNDA:0,(anonymous_4)
FNDA:0,(anonymous_5)
FNDA:0,(anonymous_6)
FNDA:0,(anonymous_7)
FNDA:0,(anonymous_8)
FNDA:0,(anonymous_9)
FNDA:0,(anonymous_10)
FNDA:0,(anonymous_11)
FNDA:0,(anonymous_12)
FNDA:0,(anonymous_13)
FNDA:0,(anonymous_14)
FNDA:0,(anonymous_15)
FNDA:0,(anonymous_16)
FNDA:0,(anonymous_17)
FNDA:0,(anonymous_18)
FNDA:0,(anonymous_19)
FNDA:0,(anonymous_20)
FNDA:0,(anonymous_21)
FNDA:0,(anonymous_22)
FNDA:0,(anonymous_23)
FNDA:0,(anonymous_24)
FNDA:0,(anonymous_25)
FNDA:0,(anonymous_26)
FNDA:0,(anonymous_27)
FNDA:0,(anonymous_28)
FNDA:0,(anonymous_29)
FNDA:0,(anonymous_30)
FNDA:0,(anonymous_31)
FNDA:0,(anonymous_32)
DA:9,0
DA:10,0
DA:11,0
DA:12,0
DA:15,0
DA:21,0
DA:25,0
DA:26,0
DA:32,0
DA:34,0
DA:36,0
DA:37,0
DA:40,0
DA:41,0
DA:44,0
DA:64,0
DA:68,0
DA:70,0
DA:72,0
DA:73,0
DA:82,0
DA:83,0
DA:84,0
DA:85,0
DA:86,0
DA:89,0
DA:90,0
DA:91,0
DA:94,0
DA:99,0
DA:106,0
DA:109,0
DA:110,0
DA:113,0
DA:126,0
DA:128,0
DA:132,0
DA:140,0
DA:142,0
DA:150,0
DA:155,0
DA:156,0
DA:164,0
DA:167,0
DA:292,0
DA:299,0
DA:300,0
DA:302,0
DA:303,0
DA:304,0
DA:306,0
DA:307,0
DA:308,0
DA:309,0
DA:310,0
DA:319,0
DA:320,0
DA:321,0
DA:322,0
DA:323,0
DA:325,0
DA:326,0
DA:328,0
DA:329,0
DA:333,0
DA:336,0
DA:337,0
DA:340,0
DA:341,0
DA:343,0
DA:346,0
DA:347,0
DA:348,0
DA:351,0
DA:352,0
DA:353,0
DA:355,0
DA:357,0
DA:359,0
DA:360,0
DA:361,0
DA:366,0
DA:367,0
DA:368,0
DA:369,0
DA:374,0
DA:375,0
DA:379,0
DA:387,0
DA:406,0
DA:407,0
DA:409,0
DA:410,0
DA:412,0
DA:414,0
DA:415,0
DA:416,0
DA:417,0
DA:423,0
DA:424,0
DA:426,0
DA:427,0
DA:428,0
DA:429,0
DA:433,0
DA:440,0
DA:441,0
DA:444,0
DA:445,0
DA:448,0
DA:450,0
DA:451,0
DA:455,0
DA:462,0
DA:463,0
DA:466,0
DA:467,0
DA:469,0
DA:470,0
DA:478,0
DA:479,0
DA:482,0
DA:486,0
DA:487,0
DA:488,0
DA:489,0
DA:492,0
DA:497,0
DA:499,0
DA:500,0
DA:501,0
DA:504,0
DA:507,0
DA:508,0
DA:511,0
DA:513,0
DA:516,0
DA:517,0
DA:518,0
DA:522,0
DA:523,0
DA:527,0
DA:529,0
DA:530,0
DA:532,0
DA:536,0
DA:541,0
DA:544,0
DA:545,0
DA:549,0
DA:550,0
DA:552,0
DA:553,0
DA:561,0
DA:562,0
DA:564,0
DA:565,0
DA:568,0
DA:569,0
DA:570,0
DA:572,0
DA:573,0
DA:581,0
DA:582,0
DA:583,0
DA:584,0
DA:587,0
DA:589,0
DA:590,0
DA:592,0
DA:593,0
DA:601,0
DA:602,0
DA:603,0
DA:604,0
DA:611,0
DA:612,0
DA:617,0
DA:618,0
DA:619,0
DA:621,0
DA:622,0
DA:630,0
DA:631,0
DA:632,0
DA:633,0
DA:634,0
DA:637,0
DA:648,0
DA:649,0
DA:674,0
DA:675,0
DA:699,0
DA:721,0
DA:722,0
DA:727,0
LF:196
LH:0
BRDA:32,0,0,0
BRDA:83,1,0,0
BRDA:83,2,0,0
BRDA:83,2,1,0
BRDA:126,3,0,0
BRDA:126,4,0,0
BRDA:126,4,1,0
BRDA:150,5,0,0
BRDA:150,5,1,0
BRDA:150,6,0,0
BRDA:150,6,1,0
BRDA:304,7,0,0
BRDA:306,8,0,0
BRDA:306,8,1,0
BRDA:307,9,0,0
BRDA:307,9,1,0
BRDA:307,9,2,0
BRDA:308,10,0,0
BRDA:320,11,0,0
BRDA:333,12,0,0
BRDA:333,12,1,0
BRDA:336,13,0,0
BRDA:336,13,1,0
BRDA:341,14,0,0
BRDA:341,15,0,0
BRDA:341,15,1,0
BRDA:353,16,0,0
BRDA:353,17,0,0
BRDA:353,17,1,0
BRDA:368,18,0,0
BRDA:374,19,0,0
BRDA:416,20,0,0
BRDA:427,21,0,0
BRDA:439,22,0,0
BRDA:448,23,0,0
BRDA:457,24,0,0
BRDA:457,24,1,0
BRDA:486,25,0,0
BRDA:488,26,0,0
BRDA:488,26,1,0
BRDA:499,27,0,0
BRDA:511,28,0,0
BRDA:511,28,1,0
BRDA:529,29,0,0
BRDA:529,29,1,0
BRDA:564,30,0,0
BRDA:648,31,0,0
BRDA:648,31,1,0
BRDA:674,32,0,0
BRDA:674,32,1,0
BRF:50
BRH:0
end_of_record
TN:
SF:src/types/modelcontextprotocol.d.ts
FNF:0
FNH:0
LF:0
LH:0
BRF:0
BRH:0
end_of_record
TN:
SF:src/utils/anthropicUtils.ts
FN:32,createAnthropicClient
FN:48,getCacheConfig
FN:60,generateCacheKey
FN:78,ensureCacheDirectory
FN:90,saveToCache
FN:118,getFromCache
FN:156,sendMessageWithCache
FN:200,invalidateCache
FN:226,clearAllCache
FNF:9
FNH:0
FNDA:0,createAnthropicClient
FNDA:0,getCacheConfig
FNDA:0,generateCacheKey
FNDA:0,ensureCacheDirectory
FNDA:0,saveToCache
FNDA:0,getFromCache
FNDA:0,sendMessageWithCache
FNDA:0,invalidateCache
FNDA:0,clearAllCache
DA:23,0
DA:33,0
DA:35,0
DA:36,0
DA:37,0
DA:40,0
DA:49,0
DA:51,0
DA:62,0
DA:65,0
DA:66,0
DA:67,0
DA:68,0
DA:69,0
DA:72,0
DA:79,0
DA:80,0
DA:82,0
DA:83,0
DA:95,0
DA:97,0
DA:99,0
DA:100,0
DA:102,0
DA:103,0
DA:108,0
DA:110,0
DA:122,0
DA:124,0
DA:126,0
DA:127,0
DA:129,0
DA:130,0
DA:133,0
DA:136,0
DA:137,0
DA:140,0
DA:141,0
DA:143,0
DA:146,0
DA:148,0
DA:149,0
DA:164,0
DA:165,0
DA:166,0
DA:169,0
DA:170,0
DA:172,0
DA:173,0
DA:174,0
DA:178,0
DA:179,0
DA:181,0
DA:188,0
DA:190,0
DA:192,0
DA:193,0
DA:204,0
DA:206,0
DA:208,0
DA:209,0
DA:211,0
DA:212,0
DA:213,0
DA:218,0
DA:227,0
DA:229,0
DA:231,0
DA:232,0
DA:234,0
DA:235,0
DA:238,0
DA:241,0
DA:242,0
DA:243,0
DA:248,0
DA:251,0
LF:77
LH:0
BRDA:35,0,0,0
BRDA:49,1,0,0
BRDA:49,1,1,0
BRDA:97,2,0,0
BRDA:124,3,0,0
BRDA:141,4,0,0
BRDA:158,5,0,0
BRDA:164,6,0,0
BRDA:164,6,1,0
BRDA:165,7,0,0
BRDA:165,7,1,0
BRDA:166,8,0,0
BRDA:166,8,1,0
BRDA:172,9,0,0
BRDA:206,10,0,0
BRDA:229,11,0,0
BRDA:242,12,0,0
BRF:17
BRH:0
end_of_record
