TN:
SF:src/config.ts
FNF:0
FNH:0
DA:8,0
DA:10,0
DA:11,0
DA:14,0
DA:36,0
DA:37,0
DA:38,0
DA:39,0
DA:40,0
DA:43,0
DA:47,0
DA:66,0
DA:67,0
DA:71,0
DA:72,0
DA:73,0
DA:97,0
DA:99,0
LF:18
LH:0
BRDA:17,0,0,0
BRDA:17,0,1,0
BRDA:38,1,0,0
BRDA:66,2,0,0
BRDA:71,3,0,0
BRF:5
BRH:0
end_of_record
TN:
SF:src/customTransport.ts
FN:20,(anonymous_0)
FN:40,(anonymous_1)
FN:47,(anonymous_2)
FN:59,(anonymous_3)
FN:74,(anonymous_4)
FN:82,(anonymous_5)
FN:102,(anonymous_6)
FN:186,(anonymous_7)
FN:201,(anonymous_8)
FN:230,(anonymous_9)
FNF:10
FNH:0
FNDA:0,(anonymous_0)
FNDA:0,(anonymous_1)
FNDA:0,(anonymous_2)
FNDA:0,(anonymous_3)
FNDA:0,(anonymous_4)
FNDA:0,(anonymous_5)
FNDA:0,(anonymous_6)
FNDA:0,(anonymous_7)
FNDA:0,(anonymous_8)
FNDA:0,(anonymous_9)
DA:9,0
DA:22,0
DA:32,0
DA:33,0
DA:34,0
DA:35,0
DA:36,0
DA:37,0
DA:38,0
DA:41,0
DA:48,0
DA:49,0
DA:50,0
DA:53,0
DA:54,0
DA:55,0
DA:56,0
DA:59,0
DA:60,0
DA:61,0
DA:62,0
DA:64,0
DA:75,0
DA:76,0
DA:83,0
DA:84,0
DA:85,0
DA:88,0
DA:90,0
DA:91,0
DA:96,0
DA:102,0
DA:103,0
DA:105,0
DA:106,0
DA:109,0
DA:111,0
DA:113,0
DA:116,0
DA:118,0
DA:119,0
DA:122,0
DA:123,0
DA:132,0
DA:136,0
DA:137,0
DA:138,0
DA:139,0
DA:141,0
DA:144,0
DA:145,0
DA:156,0
DA:157,0
DA:160,0
DA:163,0
DA:164,0
DA:165,0
DA:166,0
DA:177,0
DA:181,0
DA:186,0
DA:187,0
DA:188,0
DA:189,0
DA:193,0
DA:194,0
DA:195,0
DA:202,0
DA:204,0
DA:206,0
DA:207,0
DA:208,0
DA:212,0
DA:215,0
DA:218,0
DA:220,0
DA:222,0
DA:223,0
DA:231,0
DA:232,0
DA:233,0
DA:236,0
DA:237,0
DA:238,0
DA:239,0
LF:85
LH:0
BRDA:22,0,0,0
BRDA:22,0,1,0
BRDA:22,0,2,0
BRDA:53,1,0,0
BRDA:60,2,0,0
BRDA:64,3,0,0
BRDA:64,3,1,0
BRDA:83,4,0,0
BRDA:90,5,0,0
BRDA:105,6,0,0
BRDA:109,7,0,0
BRDA:109,7,1,0
BRDA:118,8,0,0
BRDA:122,9,0,0
BRDA:122,10,0,0
BRDA:122,10,1,0
BRDA:122,10,2,0
BRDA:136,11,0,0
BRDA:136,11,1,0
BRDA:141,12,0,0
BRDA:141,12,1,0
BRDA:144,13,0,0
BRDA:150,14,0,0
BRDA:150,14,1,0
BRDA:160,15,0,0
BRDA:160,15,1,0
BRDA:165,16,0,0
BRDA:165,17,0,0
BRDA:165,17,1,0
BRDA:165,17,2,0
BRDA:181,18,0,0
BRDA:181,18,1,0
BRDA:188,19,0,0
BRDA:206,20,0,0
BRDA:222,21,0,0
BRDA:222,21,1,0
BRDA:231,22,0,0
BRF:37
BRH:0
end_of_record
TN:
SF:src/direct-index.ts
FN:6,main
FN:12,(anonymous_1)
FN:17,(anonymous_2)
FN:23,(anonymous_3)
FN:29,(anonymous_4)
FNF:5
FNH:0
FNDA:0,main
FNDA:0,(anonymous_1)
FNDA:0,(anonymous_2)
FNDA:0,(anonymous_3)
FNDA:0,(anonymous_4)
DA:7,0
DA:9,0
DA:12,0
DA:13,0
DA:14,0
DA:17,0
DA:18,0
DA:19,0
DA:23,0
DA:24,0
DA:29,0
DA:30,0
DA:35,0
DA:37,0
DA:39,0
DA:40,0
DA:45,0
LF:17
LH:0
BRDA:39,0,0,0
BRDA:39,0,1,0
BRF:2
BRH:0
end_of_record
TN:
SF:src/direct-mcp.ts
FN:19,(anonymous_0)
FN:26,(anonymous_1)
FN:28,(anonymous_2)
FN:43,(anonymous_3)
FN:157,(anonymous_4)
FN:188,(anonymous_5)
FN:189,(anonymous_6)
FN:193,(anonymous_7)
FN:197,(anonymous_8)
FN:223,(anonymous_9)
FN:231,(anonymous_10)
FN:236,(anonymous_11)
FN:266,(anonymous_12)
FN:271,(anonymous_13)
FN:282,(anonymous_14)
FN:354,(anonymous_15)
FN:380,(anonymous_16)
FN:437,(anonymous_17)
FN:487,(anonymous_18)
FN:537,(anonymous_19)
FN:571,(anonymous_20)
FN:621,(anonymous_21)
FN:668,(anonymous_22)
FN:681,(anonymous_23)
FN:711,(anonymous_24)
FN:737,createDirectMcpServer
FNF:26
FNH:0
FNDA:0,(anonymous_0)
FNDA:0,(anonymous_1)
FNDA:0,(anonymous_2)
FNDA:0,(anonymous_3)
FNDA:0,(anonymous_4)
FNDA:0,(anonymous_5)
FNDA:0,(anonymous_6)
FNDA:0,(anonymous_7)
FNDA:0,(anonymous_8)
FNDA:0,(anonymous_9)
FNDA:0,(anonymous_10)
FNDA:0,(anonymous_11)
FNDA:0,(anonymous_12)
FNDA:0,(anonymous_13)
FNDA:0,(anonymous_14)
FNDA:0,(anonymous_15)
FNDA:0,(anonymous_16)
FNDA:0,(anonymous_17)
FNDA:0,(anonymous_18)
FNDA:0,(anonymous_19)
FNDA:0,(anonymous_20)
FNDA:0,(anonymous_21)
FNDA:0,(anonymous_22)
FNDA:0,(anonymous_23)
FNDA:0,(anonymous_24)
FNDA:0,createDirectMcpServer
DA:15,0
DA:16,0
DA:17,0
DA:19,0
DA:20,0
DA:28,0
DA:29,0
DA:30,0
DA:43,0
DA:44,0
DA:157,0
DA:158,0
DA:160,0
DA:162,0
DA:164,0
DA:166,0
DA:168,0
DA:170,0
DA:172,0
DA:174,0
DA:176,0
DA:178,0
DA:180,0
DA:189,0
DA:190,0
DA:191,0
DA:193,0
DA:194,0
DA:197,0
DA:198,0
DA:199,0
DA:200,0
DA:202,0
DA:203,0
DA:205,0
DA:206,0
DA:207,0
DA:218,0
DA:219,0
DA:223,0
DA:224,0
DA:232,0
DA:235,0
DA:236,0
DA:237,0
DA:240,0
DA:241,0
DA:242,0
DA:244,0
DA:245,0
DA:246,0
DA:249,0
DA:251,0
DA:252,0
DA:260,0
DA:266,0
DA:267,0
DA:268,0
DA:271,0
DA:272,0
DA:273,0
DA:276,0
DA:284,0
DA:285,0
DA:295,0
DA:298,0
DA:299,0
DA:310,0
DA:312,0
DA:315,0
DA:317,0
DA:319,0
DA:320,0
DA:330,0
DA:333,0
DA:339,0
DA:340,0
DA:355,0
DA:356,0
DA:357,0
DA:359,0
DA:366,0
DA:367,0
DA:381,0
DA:382,0
DA:384,0
DA:385,0
DA:394,0
DA:396,0
DA:397,0
DA:407,0
DA:408,0
DA:409,0
DA:412,0
DA:413,0
DA:416,0
DA:423,0
DA:424,0
DA:438,0
DA:439,0
DA:441,0
DA:442,0
DA:451,0
DA:453,0
DA:454,0
DA:464,0
DA:466,0
DA:473,0
DA:474,0
DA:488,0
DA:489,0
DA:491,0
DA:492,0
DA:501,0
DA:503,0
DA:504,0
DA:514,0
DA:516,0
DA:523,0
DA:524,0
DA:538,0
DA:539,0
DA:541,0
DA:542,0
DA:550,0
DA:557,0
DA:558,0
DA:572,0
DA:573,0
DA:575,0
DA:576,0
DA:585,0
DA:587,0
DA:588,0
DA:598,0
DA:600,0
DA:607,0
DA:608,0
DA:622,0
DA:623,0
DA:625,0
DA:626,0
DA:635,0
DA:637,0
DA:638,0
DA:647,0
DA:654,0
DA:655,0
DA:669,0
DA:670,0
DA:673,0
DA:674,0
DA:675,0
DA:676,0
DA:678,0
DA:681,0
DA:682,0
DA:684,0
DA:686,0
DA:687,0
DA:690,0
DA:697,0
DA:698,0
DA:712,0
DA:713,0
DA:715,0
DA:722,0
DA:723,0
DA:739,0
DA:740,0
DA:743,0
LF:171
LH:0
BRDA:160,0,0,0
BRDA:160,0,1,0
BRDA:160,0,2,0
BRDA:160,0,3,0
BRDA:160,0,4,0
BRDA:160,0,5,0
BRDA:160,0,6,0
BRDA:160,0,7,0
BRDA:160,0,8,0
BRDA:160,0,9,0
BRDA:188,1,0,0
BRDA:190,2,0,0
BRDA:190,2,1,0
BRDA:251,3,0,0
BRDA:251,3,1,0
BRDA:284,4,0,0
BRDA:291,5,0,0
BRDA:291,5,1,0
BRDA:298,6,0,0
BRDA:298,7,0,0
BRDA:298,7,1,0
BRDA:310,8,0,0
BRDA:319,9,0,0
BRDA:339,10,0,0
BRDA:339,10,1,0
BRDA:344,11,0,0
BRDA:344,11,1,0
BRDA:366,12,0,0
BRDA:366,12,1,0
BRDA:370,13,0,0
BRDA:370,13,1,0
BRDA:384,14,0,0
BRDA:396,15,0,0
BRDA:408,16,0,0
BRDA:423,17,0,0
BRDA:423,17,1,0
BRDA:427,18,0,0
BRDA:427,18,1,0
BRDA:441,19,0,0
BRDA:441,20,0,0
BRDA:441,20,1,0
BRDA:453,21,0,0
BRDA:473,22,0,0
BRDA:473,22,1,0
BRDA:477,23,0,0
BRDA:477,23,1,0
BRDA:491,24,0,0
BRDA:503,25,0,0
BRDA:523,26,0,0
BRDA:523,26,1,0
BRDA:527,27,0,0
BRDA:527,27,1,0
BRDA:541,28,0,0
BRDA:557,29,0,0
BRDA:557,29,1,0
BRDA:561,30,0,0
BRDA:561,30,1,0
BRDA:575,31,0,0
BRDA:587,32,0,0
BRDA:607,33,0,0
BRDA:607,33,1,0
BRDA:611,34,0,0
BRDA:611,34,1,0
BRDA:625,35,0,0
BRDA:637,36,0,0
BRDA:654,37,0,0
BRDA:654,37,1,0
BRDA:658,38,0,0
BRDA:658,38,1,0
BRDA:670,39,0,0
BRDA:670,39,1,0
BRDA:673,40,0,0
BRDA:673,40,1,0
BRDA:687,41,0,0
BRDA:687,41,1,0
BRDA:697,42,0,0
BRDA:697,42,1,0
BRDA:701,43,0,0
BRDA:701,43,1,0
BRDA:722,44,0,0
BRDA:722,44,1,0
BRDA:726,45,0,0
BRDA:726,45,1,0
BRF:83
BRH:0
end_of_record
TN:
SF:src/direct-server.ts
FN:6,main
FN:12,(anonymous_1)
FN:17,(anonymous_2)
FN:23,(anonymous_3)
FN:29,(anonymous_4)
FNF:5
FNH:0
FNDA:0,main
FNDA:0,(anonymous_1)
FNDA:0,(anonymous_2)
FNDA:0,(anonymous_3)
FNDA:0,(anonymous_4)
DA:7,0
DA:9,0
DA:12,0
DA:13,0
DA:14,0
DA:17,0
DA:18,0
DA:19,0
DA:23,0
DA:24,0
DA:29,0
DA:30,0
DA:35,0
DA:36,0
DA:38,0
DA:40,0
DA:41,0
DA:46,0
LF:18
LH:0
BRDA:35,0,0,0
BRDA:35,0,1,0
BRDA:40,1,0,0
BRDA:40,1,1,0
BRF:4
BRH:0
end_of_record
TN:
SF:src/direct.ts
FN:6,main
FN:20,(anonymous_1)
FN:27,(anonymous_2)
FNF:3
FNH:0
FNDA:0,main
FNDA:0,(anonymous_1)
FNDA:0,(anonymous_2)
DA:7,0
DA:8,0
DA:11,0
DA:12,0
DA:14,0
DA:17,0
DA:20,0
DA:21,0
DA:22,0
DA:23,0
DA:27,0
DA:28,0
DA:29,0
DA:30,0
DA:33,0
DA:34,0
DA:39,0
LF:17
LH:0
BRDA:33,0,0,0
BRDA:33,0,1,0
BRF:2
BRH:0
end_of_record
TN:
SF:src/directServer.ts
FN:26,(anonymous_0)
FN:157,(anonymous_1)
FN:186,(anonymous_2)
FN:201,(anonymous_3)
FN:269,(anonymous_4)
FN:312,(anonymous_5)
FN:332,(anonymous_6)
FN:346,(anonymous_7)
FN:360,(anonymous_8)
FN:378,(anonymous_9)
FN:404,(anonymous_10)
FN:438,(anonymous_11)
FN:473,(anonymous_12)
FN:499,(anonymous_13)
FN:511,main
FN:525,(anonymous_15)
FN:532,(anonymous_16)
FNF:17
FNH:0
FNDA:0,(anonymous_0)
FNDA:0,(anonymous_1)
FNDA:0,(anonymous_2)
FNDA:0,(anonymous_3)
FNDA:0,(anonymous_4)
FNDA:0,(anonymous_5)
FNDA:0,(anonymous_6)
FNDA:0,(anonymous_7)
FNDA:0,(anonymous_8)
FNDA:0,(anonymous_9)
FNDA:0,(anonymous_10)
FNDA:0,(anonymous_11)
FNDA:0,(anonymous_12)
FNDA:0,(anonymous_13)
FNDA:0,main
FNDA:0,(anonymous_15)
FNDA:0,(anonymous_16)
DA:11,0
DA:12,0
DA:15,0
DA:28,0
DA:34,0
DA:45,0
DA:95,0
DA:154,0
DA:155,0
DA:159,0
DA:160,0
DA:162,0
DA:163,0
DA:164,0
DA:165,0
DA:168,0
DA:169,0
DA:170,0
DA:171,0
DA:173,0
DA:174,0
DA:177,0
DA:180,0
DA:187,0
DA:188,0
DA:189,0
DA:192,0
DA:195,0
DA:201,0
DA:202,0
DA:204,0
DA:205,0
DA:208,0
DA:210,0
DA:212,0
DA:215,0
DA:217,0
DA:218,0
DA:221,0
DA:222,0
DA:231,0
DA:235,0
DA:237,0
DA:240,0
DA:241,0
DA:242,0
DA:243,0
DA:254,0
DA:258,0
DA:262,0
DA:263,0
DA:270,0
DA:271,0
DA:272,0
DA:275,0
DA:277,0
DA:279,0
DA:280,0
DA:282,0
DA:283,0
DA:285,0
DA:286,0
DA:288,0
DA:289,0
DA:291,0
DA:292,0
DA:294,0
DA:295,0
DA:297,0
DA:305,0
DA:313,0
DA:314,0
DA:333,0
DA:334,0
DA:347,0
DA:348,0
DA:361,0
DA:363,0
DA:365,0
DA:366,0
DA:374,0
DA:378,0
DA:380,0
DA:381,0
DA:389,0
DA:392,0
DA:405,0
DA:407,0
DA:409,0
DA:410,0
DA:418,0
DA:423,0
DA:425,0
DA:439,0
DA:441,0
DA:442,0
DA:446,0
DA:474,0
DA:476,0
DA:478,0
DA:479,0
DA:480,0
DA:484,0
DA:487,0
DA:490,0
DA:492,0
DA:500,0
DA:501,0
DA:502,0
DA:505,0
DA:506,0
DA:512,0
DA:513,0
DA:516,0
DA:517,0
DA:519,0
DA:522,0
DA:525,0
DA:526,0
DA:527,0
DA:528,0
DA:532,0
DA:533,0
DA:534,0
DA:535,0
DA:538,0
DA:539,0
DA:544,0
DA:545,0
LF:129
LH:0
BRDA:28,0,0,0
BRDA:28,0,1,0
BRDA:28,0,2,0
BRDA:163,1,0,0
BRDA:163,1,1,0
BRDA:169,2,0,0
BRDA:177,3,0,0
BRDA:177,3,1,0
BRDA:180,4,0,0
BRDA:180,4,1,0
BRDA:187,5,0,0
BRDA:204,6,0,0
BRDA:208,7,0,0
BRDA:208,7,1,0
BRDA:217,8,0,0
BRDA:221,9,0,0
BRDA:221,10,0,0
BRDA:221,10,1,0
BRDA:221,10,2,0
BRDA:237,11,0,0
BRDA:237,11,1,0
BRDA:242,12,0,0
BRDA:242,13,0,0
BRDA:242,13,1,0
BRDA:242,13,2,0
BRDA:258,14,0,0
BRDA:258,14,1,0
BRDA:270,15,0,0
BRDA:277,16,0,0
BRDA:277,16,1,0
BRDA:277,16,2,0
BRDA:277,16,3,0
BRDA:277,16,4,0
BRDA:277,16,5,0
BRDA:277,16,6,0
BRDA:365,17,0,0
BRDA:380,18,0,0
BRDA:409,19,0,0
BRDA:442,20,0,0
BRDA:442,20,1,0
BRDA:478,21,0,0
BRDA:492,22,0,0
BRDA:492,22,1,0
BRDA:500,23,0,0
BRDA:538,24,0,0
BRDA:538,24,1,0
BRDA:544,25,0,0
BRF:47
BRH:0
end_of_record
TN:
SF:src/mcpServer.ts
FN:11,createMcpServer
FN:27,(anonymous_1)
FN:57,(anonymous_2)
FN:106,(anonymous_3)
FN:153,(anonymous_4)
FN:195,(anonymous_5)
FN:273,(anonymous_6)
FN:357,(anonymous_7)
FN:395,(anonymous_8)
FN:437,(anonymous_9)
FN:476,(anonymous_10)
FN:488,(anonymous_11)
FN:520,(anonymous_12)
FN:558,(anonymous_13)
FNF:14
FNH:0
FNDA:0,createMcpServer
FNDA:0,(anonymous_1)
FNDA:0,(anonymous_2)
FNDA:0,(anonymous_3)
FNDA:0,(anonymous_4)
FNDA:0,(anonymous_5)
FNDA:0,(anonymous_6)
FNDA:0,(anonymous_7)
FNDA:0,(anonymous_8)
FNDA:0,(anonymous_9)
FNDA:0,(anonymous_10)
FNDA:0,(anonymous_11)
FNDA:0,(anonymous_12)
FNDA:0,(anonymous_13)
DA:12,0
DA:14,0
DA:15,0
DA:18,0
DA:24,0
DA:28,0
DA:29,0
DA:30,0
DA:32,0
DA:39,0
DA:40,0
DA:52,0
DA:58,0
DA:59,0
DA:61,0
DA:62,0
DA:72,0
DA:73,0
DA:74,0
DA:77,0
DA:78,0
DA:81,0
DA:88,0
DA:89,0
DA:101,0
DA:107,0
DA:109,0
DA:111,0
DA:112,0
DA:114,0
DA:115,0
DA:125,0
DA:127,0
DA:134,0
DA:135,0
DA:147,0
DA:154,0
DA:155,0
DA:157,0
DA:158,0
DA:168,0
DA:170,0
DA:177,0
DA:178,0
DA:190,0
DA:196,0
DA:198,0
DA:201,0
DA:206,0
DA:208,0
DA:209,0
DA:211,0
DA:212,0
DA:222,0
DA:224,0
DA:233,0
DA:235,0
DA:236,0
DA:246,0
DA:248,0
DA:255,0
DA:256,0
DA:268,0
DA:274,0
DA:276,0
DA:281,0
DA:283,0
DA:284,0
DA:286,0
DA:287,0
DA:297,0
DA:299,0
DA:308,0
DA:310,0
DA:311,0
DA:320,0
DA:322,0
DA:324,0
DA:331,0
DA:333,0
DA:341,0
DA:342,0
DA:354,0
DA:358,0
DA:359,0
DA:361,0
DA:362,0
DA:370,0
DA:377,0
DA:378,0
DA:390,0
DA:396,0
DA:397,0
DA:399,0
DA:400,0
DA:410,0
DA:412,0
DA:419,0
DA:420,0
DA:432,0
DA:438,0
DA:439,0
DA:441,0
DA:442,0
DA:451,0
DA:458,0
DA:459,0
DA:471,0
DA:477,0
DA:480,0
DA:481,0
DA:482,0
DA:483,0
DA:485,0
DA:488,0
DA:489,0
DA:491,0
DA:493,0
DA:494,0
DA:497,0
DA:504,0
DA:505,0
DA:517,0
DA:521,0
DA:522,0
DA:523,0
DA:525,0
DA:527,0
DA:528,0
DA:529,0
DA:532,0
DA:539,0
DA:540,0
DA:552,0
DA:559,0
DA:560,0
DA:562,0
DA:563,0
DA:565,0
DA:568,0
DA:575,0
DA:576,0
DA:587,0
DA:588,0
DA:590,0
DA:591,0
LF:146
LH:0
BRDA:39,0,0,0
BRDA:39,0,1,0
BRDA:43,1,0,0
BRDA:43,1,1,0
BRDA:61,2,0,0
BRDA:73,3,0,0
BRDA:88,4,0,0
BRDA:88,4,1,0
BRDA:92,5,0,0
BRDA:92,5,1,0
BRDA:114,6,0,0
BRDA:134,7,0,0
BRDA:134,7,1,0
BRDA:138,8,0,0
BRDA:138,8,1,0
BRDA:157,9,0,0
BRDA:177,10,0,0
BRDA:177,10,1,0
BRDA:181,11,0,0
BRDA:181,11,1,0
BRDA:201,12,0,0
BRDA:201,13,0,0
BRDA:201,13,1,0
BRDA:201,13,2,0
BRDA:211,14,0,0
BRDA:235,15,0,0
BRDA:255,16,0,0
BRDA:255,16,1,0
BRDA:259,17,0,0
BRDA:259,17,1,0
BRDA:276,18,0,0
BRDA:276,19,0,0
BRDA:276,19,1,0
BRDA:276,19,2,0
BRDA:286,20,0,0
BRDA:310,21,0,0
BRDA:331,22,0,0
BRDA:331,22,1,0
BRDA:341,23,0,0
BRDA:341,23,1,0
BRDA:345,24,0,0
BRDA:345,24,1,0
BRDA:361,25,0,0
BRDA:377,26,0,0
BRDA:377,26,1,0
BRDA:381,27,0,0
BRDA:381,27,1,0
BRDA:399,28,0,0
BRDA:419,29,0,0
BRDA:419,29,1,0
BRDA:423,30,0,0
BRDA:423,30,1,0
BRDA:441,31,0,0
BRDA:458,32,0,0
BRDA:458,32,1,0
BRDA:462,33,0,0
BRDA:462,33,1,0
BRDA:480,34,0,0
BRDA:480,34,1,0
BRDA:494,35,0,0
BRDA:494,35,1,0
BRDA:504,36,0,0
BRDA:504,36,1,0
BRDA:508,37,0,0
BRDA:508,37,1,0
BRDA:529,38,0,0
BRDA:529,38,1,0
BRDA:539,39,0,0
BRDA:539,39,1,0
BRDA:543,40,0,0
BRDA:543,40,1,0
BRDA:562,41,0,0
BRDA:562,41,1,0
BRDA:571,42,0,0
BRDA:571,42,1,0
BRDA:575,43,0,0
BRDA:575,43,1,0
BRDA:579,44,0,0
BRDA:579,44,1,0
BRDA:590,45,0,0
BRDA:590,45,1,0
BRF:81
BRH:0
end_of_record
TN:
SF:src/nodeWrapper.ts
FN:26,(anonymous_0)
FN:43,(anonymous_1)
FN:48,(anonymous_2)
FN:53,(anonymous_3)
FN:57,(anonymous_4)
FNF:5
FNH:0
FNDA:0,(anonymous_0)
FNDA:0,(anonymous_1)
FNDA:0,(anonymous_2)
FNDA:0,(anonymous_3)
FNDA:0,(anonymous_4)
DA:14,0
DA:15,0
DA:18,0
DA:21,0
DA:26,0
DA:27,0
DA:29,0
DA:30,0
DA:32,0
DA:34,0
DA:37,0
DA:43,0
DA:44,0
DA:48,0
DA:49,0
DA:53,0
DA:54,0
DA:57,0
DA:58,0
DA:62,0
LF:20
LH:0
BRDA:49,0,0,0
BRDA:49,0,1,0
BRF:2
BRH:0
end_of_record
TN:
SF:src/platformSync.ts
FN:10,(anonymous_0)
FN:11,(anonymous_1)
FN:27,(anonymous_2)
FN:31,(anonymous_3)
FN:51,(anonymous_4)
FN:108,(anonymous_5)
FN:129,(anonymous_6)
FN:144,(anonymous_7)
FN:178,(anonymous_8)
FN:182,(anonymous_9)
FN:234,(anonymous_10)
FN:238,(anonymous_11)
FN:292,(anonymous_12)
FN:302,(anonymous_13)
FN:309,(anonymous_14)
FN:324,(anonymous_15)
FNF:16
FNH:0
FNDA:0,(anonymous_0)
FNDA:0,(anonymous_1)
FNDA:0,(anonymous_2)
FNDA:0,(anonymous_3)
FNDA:0,(anonymous_4)
FNDA:0,(anonymous_5)
FNDA:0,(anonymous_6)
FNDA:0,(anonymous_7)
FNDA:0,(anonymous_8)
FNDA:0,(anonymous_9)
FNDA:0,(anonymous_10)
FNDA:0,(anonymous_11)
FNDA:0,(anonymous_12)
FNDA:0,(anonymous_13)
FNDA:0,(anonymous_14)
FNDA:0,(anonymous_15)
DA:9,0
DA:10,0
DA:11,0
DA:28,0
DA:32,0
DA:35,0
DA:41,0
DA:42,0
DA:45,0
DA:48,0
DA:51,0
DA:52,0
DA:56,0
DA:57,0
DA:60,0
DA:63,0
DA:64,0
DA:65,0
DA:68,0
DA:69,0
DA:70,0
DA:71,0
DA:74,0
DA:78,0
DA:79,0
DA:80,0
DA:82,0
DA:86,0
DA:87,0
DA:88,0
DA:89,0
DA:91,0
DA:95,0
DA:96,0
DA:97,0
DA:100,0
DA:103,0
DA:104,0
DA:105,0
DA:107,0
DA:108,0
DA:109,0
DA:110,0
DA:111,0
DA:112,0
DA:113,0
DA:117,0
DA:119,0
DA:120,0
DA:121,0
DA:122,0
DA:126,0
DA:127,0
DA:128,0
DA:129,0
DA:130,0
DA:131,0
DA:134,0
DA:135,0
DA:139,0
DA:140,0
DA:143,0
DA:144,0
DA:149,0
DA:150,0
DA:152,0
DA:158,0
DA:159,0
DA:162,0
DA:163,0
DA:176,0
DA:179,0
DA:183,0
DA:184,0
DA:186,0
DA:192,0
DA:193,0
DA:194,0
DA:195,0
DA:196,0
DA:202,0
DA:204,0
DA:209,0
DA:210,0
DA:212,0
DA:218,0
DA:219,0
DA:232,0
DA:235,0
DA:239,0
DA:240,0
DA:242,0
DA:247,0
DA:248,0
DA:249,0
DA:250,0
DA:251,0
DA:257,0
DA:259,0
DA:262,0
DA:267,0
DA:268,0
DA:270,0
DA:276,0
DA:277,0
DA:290,0
DA:294,0
DA:295,0
DA:303,0
DA:310,0
DA:312,0
DA:313,0
DA:314,0
DA:315,0
DA:318,0
DA:325,0
DA:327,0
DA:328,0
DA:335,0
LF:119
LH:0
BRDA:52,0,0,0
BRDA:52,0,1,0
BRDA:56,1,0,0
BRDA:56,1,1,0
BRDA:63,2,0,0
BRDA:63,2,1,0
BRDA:63,3,0,0
BRDA:63,3,1,0
BRDA:69,4,0,0
BRDA:88,5,0,0
BRDA:88,5,1,0
BRDA:109,6,0,0
BRDA:117,7,0,0
BRDA:128,8,0,0
BRDA:158,9,0,0
BRDA:166,10,0,0
BRDA:166,10,1,0
BRDA:179,11,0,0
BRDA:179,11,1,0
BRDA:184,12,0,0
BRDA:187,13,0,0
BRDA:187,13,1,0
BRDA:188,14,0,0
BRDA:188,14,1,0
BRDA:189,15,0,0
BRDA:189,15,1,0
BRDA:202,16,0,0
BRDA:204,17,0,0
BRDA:204,17,1,0
BRDA:222,18,0,0
BRDA:222,18,1,0
BRDA:235,19,0,0
BRDA:235,19,1,0
BRDA:240,20,0,0
BRDA:243,21,0,0
BRDA:243,21,1,0
BRDA:244,22,0,0
BRDA:244,22,1,0
BRDA:257,23,0,0
BRDA:259,24,0,0
BRDA:259,24,1,0
BRDA:280,25,0,0
BRDA:280,25,1,0
BRDA:327,26,0,0
BRF:44
BRH:0
end_of_record
TN:
SF:src/server.ts
FN:5,main
FN:17,(anonymous_1)
FN:22,(anonymous_2)
FN:35,(anonymous_3)
FN:51,(anonymous_4)
FN:67,(anonymous_5)
FN:82,(anonymous_6)
FN:116,(anonymous_7)
FNF:8
FNH:0
FNDA:0,main
FNDA:0,(anonymous_1)
FNDA:0,(anonymous_2)
FNDA:0,(anonymous_3)
FNDA:0,(anonymous_4)
FNDA:0,(anonymous_5)
FNDA:0,(anonymous_6)
FNDA:0,(anonymous_7)
DA:6,0
DA:7,0
DA:9,0
DA:11,0
DA:14,0
DA:17,0
DA:18,0
DA:22,0
DA:23,0
DA:24,0
DA:25,0
DA:27,0
DA:30,0
DA:31,0
DA:32,0
DA:35,0
DA:36,0
DA:37,0
DA:40,0
DA:41,0
DA:43,0
DA:44,0
DA:45,0
DA:51,0
DA:52,0
DA:54,0
DA:56,0
DA:57,0
DA:58,0
DA:61,0
DA:62,0
DA:63,0
DA:64,0
DA:67,0
DA:68,0
DA:69,0
DA:70,0
DA:74,0
DA:75,0
DA:76,0
DA:82,0
DA:83,0
DA:116,0
DA:117,0
DA:120,0
DA:121,0
DA:126,0
DA:127,0
LF:48
LH:0
BRDA:6,0,0,0
BRDA:6,0,1,0
BRDA:44,1,0,0
BRDA:56,2,0,0
BRDA:62,3,0,0
BRDA:69,4,0,0
BRDA:75,5,0,0
BRDA:120,6,0,0
BRDA:120,6,1,0
BRDA:126,7,0,0
BRF:10
BRH:0
end_of_record
TN:
SF:src/templateParser.ts
FN:6,parseTemplate
FN:65,generateTemplate
FN:88,validateTemplate
FNF:3
FNH:0
FNDA:0,parseTemplate
FNDA:0,generateTemplate
FNDA:0,validateTemplate
DA:7,0
DA:8,0
DA:10,0
DA:12,0
DA:13,0
DA:16,0
DA:17,0
DA:21,0
DA:22,0
DA:23,0
DA:26,0
DA:31,0
DA:35,0
DA:36,0
DA:37,0
DA:41,0
DA:42,0
DA:43,0
DA:45,0
DA:46,0
DA:47,0
DA:49,0
DA:55,0
DA:56,0
DA:59,0
DA:66,0
DA:68,0
DA:69,0
DA:71,0
DA:72,0
DA:75,0
DA:76,0
DA:79,0
DA:82,0
DA:89,0
DA:90,0
DA:93,0
DA:94,0
DA:95,0
DA:98,0
DA:99,0
DA:102,0
DA:103,0
DA:106,0
DA:107,0
DA:108,0
DA:111,0
DA:112,0
DA:117,0
LF:49
LH:0
BRDA:16,0,0,0
BRDA:16,1,0,0
BRDA:16,1,1,0
BRDA:21,2,0,0
BRDA:21,3,0,0
BRDA:21,3,1,0
BRDA:22,4,0,0
BRDA:35,5,0,0
BRDA:35,6,0,0
BRDA:35,6,1,0
BRDA:41,7,0,0
BRDA:41,8,0,0
BRDA:41,8,1,0
BRDA:45,9,0,0
BRDA:55,10,0,0
BRDA:71,11,0,0
BRDA:89,12,0,0
BRDA:89,13,0,0
BRDA:89,13,1,0
BRDA:94,14,0,0
BRDA:94,15,0,0
BRDA:94,15,1,0
BRDA:98,16,0,0
BRDA:102,17,0,0
BRDA:107,18,0,0
BRDA:107,19,0,0
BRDA:107,19,1,0
BRDA:111,20,0,0
BRF:28
BRH:0
end_of_record
TN:
SF:src/templateStorage.ts
FN:18,(anonymous_0)
FN:25,(anonymous_1)
FN:79,(anonymous_2)
FN:88,(anonymous_3)
FN:96,(anonymous_4)
FN:103,(anonymous_5)
FN:105,(anonymous_6)
FN:113,(anonymous_7)
FN:126,(anonymous_8)
FN:149,(anonymous_9)
FN:169,(anonymous_10)
FN:189,(anonymous_11)
FN:192,(anonymous_12)
FN:193,(anonymous_13)
FN:199,(anonymous_14)
FNF:15
FNH:0
FNDA:0,(anonymous_0)
FNDA:0,(anonymous_1)
FNDA:0,(anonymous_2)
FNDA:0,(anonymous_3)
FNDA:0,(anonymous_4)
FNDA:0,(anonymous_5)
FNDA:0,(anonymous_6)
FNDA:0,(anonymous_7)
FNDA:0,(anonymous_8)
FNDA:0,(anonymous_9)
FNDA:0,(anonymous_10)
FNDA:0,(anonymous_11)
FNDA:0,(anonymous_12)
FNDA:0,(anonymous_13)
FNDA:0,(anonymous_14)
DA:7,0
DA:8,0
DA:9,0
DA:10,0
DA:19,0
DA:26,0
DA:28,0
DA:29,0
DA:32,0
DA:33,0
DA:36,0
DA:56,0
DA:60,0
DA:61,0
DA:62,0
DA:63,0
DA:64,0
DA:67,0
DA:71,0
DA:72,0
DA:80,0
DA:81,0
DA:82,0
DA:89,0
DA:90,0
DA:97,0
DA:104,0
DA:105,0
DA:107,0
DA:114,0
DA:116,0
DA:118,0
DA:119,0
DA:122,0
DA:125,0
DA:126,0
DA:129,0
DA:131,0
DA:134,0
DA:138,0
DA:139,0
DA:141,0
DA:142,0
DA:150,0
DA:151,0
DA:153,0
DA:154,0
DA:157,0
DA:158,0
DA:159,0
DA:161,0
DA:162,0
DA:170,0
DA:171,0
DA:172,0
DA:173,0
DA:176,0
DA:178,0
DA:179,0
DA:181,0
DA:182,0
DA:190,0
DA:191,0
DA:192,0
DA:193,0
DA:202,0
DA:203,0
DA:236,0
DA:237,0
DA:269,0
DA:291,0
DA:292,0
LF:72
LH:0
BRDA:107,0,0,0
BRDA:107,0,1,0
BRDA:118,1,0,0
BRDA:129,2,0,0
BRDA:129,2,1,0
BRDA:153,3,0,0
BRDA:202,4,0,0
BRDA:202,4,1,0
BRDA:236,5,0,0
BRDA:236,5,1,0
BRF:10
BRH:0
end_of_record
TN:
SF:src/wrapper.ts
FN:21,(anonymous_0)
FN:38,(anonymous_1)
FN:43,(anonymous_2)
FN:48,(anonymous_3)
FN:52,(anonymous_4)
FNF:5
FNH:0
FNDA:0,(anonymous_0)
FNDA:0,(anonymous_1)
FNDA:0,(anonymous_2)
FNDA:0,(anonymous_3)
FNDA:0,(anonymous_4)
DA:8,0
DA:9,0
DA:12,0
DA:15,0
DA:21,0
DA:22,0
DA:24,0
DA:25,0
DA:27,0
DA:29,0
DA:32,0
DA:38,0
DA:39,0
DA:43,0
DA:44,0
DA:48,0
DA:49,0
DA:52,0
DA:53,0
DA:57,0
LF:20
LH:0
BRDA:44,0,0,0
BRDA:44,0,1,0
BRF:2
BRH:0
end_of_record
TN:
SF:src/types/modelcontextprotocol.d.ts
FNF:0
FNH:0
LF:0
LH:0
BRF:0
BRH:0
end_of_record
